<?xml version="1.0" encoding="UTF-8"?>
<!-- Generated by org.testng.reporters.JUnitReportReporter -->
<testsuite hostname="DESKTOP-UGDET12" failures="0" tests="4" name="api.testcases.UserTestCase" time="7.402" errors="0" timestamp="2024-08-23T23:48:02 IST" skipped="0">
  <testcase classname="api.testcases.UserTestCase" name="CreateUser" time="2.258"/>
  <system-out/>
  <testcase classname="api.testcases.UserTestCase" name="getUserData" time="1.055"/>
  <system-out/>
  <testcase classname="api.testcases.UserTestCase" name="UpdateUserData" time="3.078"/>
  <system-out/>
  <testcase classname="api.testcases.UserTestCase" name="DeleteUserData" time="1.011"/>
  <system-out/>
</testsuite> <!-- api.testcases.UserTestCase -->
