<?xml version="1.0" encoding="UTF-8"?>
<!-- Generated by org.testng.reporters.JUnitReportReporter -->
<testsuite hostname="DESKTOP-UGDET12" failures="0" tests="6" name="api.testcases.UserTestCaseDD" time="7.346" errors="0" timestamp="2024-08-23T23:23:23 IST" skipped="0">
  <testcase classname="api.testcases.UserTestCaseDD" name="CreateUser" time="1.029"/>
  <system-out/>
  <testcase classname="api.testcases.UserTestCaseDD" name="CreateUser" time="1.011"/>
  <system-out/>
  <testcase classname="api.testcases.UserTestCaseDD" name="CreateUser" time="2.206"/>
  <system-out/>
  <testcase classname="api.testcases.UserTestCaseDD" name="DeleteUserData" time="1.018"/>
  <system-out/>
  <testcase classname="api.testcases.UserTestCaseDD" name="DeleteUserData" time="1.057"/>
  <system-out/>
  <testcase classname="api.testcases.UserTestCaseDD" name="DeleteUserData" time="1.025"/>
  <system-out/>
</testsuite> <!-- api.testcases.UserTestCaseDD -->
